cl : command line warning D9035: option 'Gm' has been deprecated and will be removed in a future release
  Card.cpp
E:\Game making\Assignment\ProjectGame\TrainingFramework\src\Card.cpp(57,54): warning C4244: 'argument': conversion from 'int' to 'GLfloat', possible loss of data
E:\Game making\Assignment\ProjectGame\TrainingFramework\src\Card.cpp(57,36): warning C4244: 'argument': conversion from 'int' to 'GLfloat', possible loss of data
E:\Game making\Assignment\ProjectGame\TrainingFramework\src\Card.cpp(62,58): warning C4244: 'argument': conversion from 'int' to 'GLfloat', possible loss of data
E:\Game making\Assignment\ProjectGame\TrainingFramework\src\Card.cpp(62,40): warning C4244: 'argument': conversion from 'int' to 'GLfloat', possible loss of data
  Generating Code...
  Compiling...
  Player.cpp
  Game.cpp
  Generating Code...
  Compiling...
  GSPlay.cpp
E:\Game making\Assignment\ProjectGame\TrainingFramework\src\GameStates\GSPlay.cpp(34,60): warning C4244: 'argument': conversion from 'int' to 'GLfloat', possible loss of data
E:\Game making\Assignment\ProjectGame\TrainingFramework\src\GameStates\GSPlay.cpp(34,42): warning C4244: 'argument': conversion from 'int' to 'GLfloat', possible loss of data
  Generating Code...
  Skipping... (no relevant changes detected)
  Dealer.cpp
  GameStatebase.cpp
  TrainingFramework.vcxproj -> E:\Game making\Assignment\ProjectGame\BIN-Nvidia\TrainingFramework.exe
