e:\game making\new folder\lesson03\lesson03\debug\vc142.pdb
e:\game making\new folder\lesson03\lesson03\debug\vc142.idb
e:\game making\new folder\lesson03\lesson03\debug\tree.nativecodeanalysis.sarif
e:\game making\new folder\lesson03\lesson03\debug\tree.nativecodeanalysis.xml
e:\game making\new folder\lesson03\lesson03\debug\staticobject.nativecodeanalysis.sarif
e:\game making\new folder\lesson03\lesson03\debug\staticobject.nativecodeanalysis.xml
e:\game making\new folder\lesson03\lesson03\debug\motorbike.nativecodeanalysis.sarif
e:\game making\new folder\lesson03\lesson03\debug\motorbike.nativecodeanalysis.xml
e:\game making\new folder\lesson03\lesson03\debug\main.nativecodeanalysis.sarif
e:\game making\new folder\lesson03\lesson03\debug\main.nativecodeanalysis.xml
e:\game making\new folder\lesson03\lesson03\debug\house.nativecodeanalysis.sarif
e:\game making\new folder\lesson03\lesson03\debug\house.nativecodeanalysis.xml
e:\game making\new folder\lesson03\lesson03\debug\dynamicobject.nativecodeanalysis.sarif
e:\game making\new folder\lesson03\lesson03\debug\dynamicobject.nativecodeanalysis.xml
e:\game making\new folder\lesson03\lesson03\debug\car.nativecodeanalysis.sarif
e:\game making\new folder\lesson03\lesson03\debug\car.nativecodeanalysis.xml
e:\game making\new folder\lesson03\lesson03\debug\baseobject.nativecodeanalysis.sarif
e:\game making\new folder\lesson03\lesson03\debug\baseobject.nativecodeanalysis.xml
e:\game making\new folder\lesson03\lesson03\debug\baseobject.obj
e:\game making\new folder\lesson03\lesson03\debug\car.obj
e:\game making\new folder\lesson03\lesson03\debug\dynamicobject.obj
e:\game making\new folder\lesson03\lesson03\debug\house.obj
e:\game making\new folder\lesson03\lesson03\debug\main.obj
e:\game making\new folder\lesson03\lesson03\debug\motorbike.obj
e:\game making\new folder\lesson03\lesson03\debug\staticobject.obj
e:\game making\new folder\lesson03\lesson03\debug\tree.obj
e:\game making\new folder\lesson03\lesson03\debug\lesson03.res
e:\game making\new folder\lesson03\debug\lesson03.pdb
e:\game making\new folder\lesson03\lesson03\debug\lesson03.tlog\cl.command.1.tlog
e:\game making\new folder\lesson03\lesson03\debug\lesson03.tlog\cl.read.1.tlog
e:\game making\new folder\lesson03\lesson03\debug\lesson03.tlog\cl.write.1.tlog
e:\game making\new folder\lesson03\lesson03\debug\lesson03.tlog\link-cvtres.read.1.tlog
e:\game making\new folder\lesson03\lesson03\debug\lesson03.tlog\link-cvtres.write.1.tlog
e:\game making\new folder\lesson03\lesson03\debug\lesson03.tlog\link-rc.read.1.tlog
e:\game making\new folder\lesson03\lesson03\debug\lesson03.tlog\link-rc.write.1.tlog
e:\game making\new folder\lesson03\lesson03\debug\lesson03.tlog\link.command.1.tlog
e:\game making\new folder\lesson03\lesson03\debug\lesson03.tlog\link.read.1.tlog
e:\game making\new folder\lesson03\lesson03\debug\lesson03.tlog\link.write.1.tlog
e:\game making\new folder\lesson03\lesson03\debug\lesson03.tlog\rc.command.1.tlog
e:\game making\new folder\lesson03\lesson03\debug\lesson03.tlog\rc.read.1.tlog
e:\game making\new folder\lesson03\lesson03\debug\lesson03.tlog\rc.write.1.tlog
